<?xml version="1.0" encoding="UTF-8"?>
<!-- Generated by org.testng.reporters.JUnitReportReporter -->
<testsuite hostname="DESKTOP-LP7PGH8" failures="0" tests="2" name="practiceautomation.shoppingApplication.Ecommerce_application_purchase_product_Test" time="22.076" errors="0" timestamp="2024-08-31T20:30:14 IST" skipped="0">
  <testcase classname="practiceautomation.shoppingApplication.Ecommerce_application_purchase_product_Test" name="purchaseProduct" time="8.418"/>
  <testcase classname="practiceautomation.shoppingApplication.Ecommerce_application_purchase_product_Test" name="verifyOrderHistory" time="13.658"/>
</testsuite> <!-- practiceautomation.shoppingApplication.Ecommerce_application_purchase_product_Test -->
