<?xml version="1.0" encoding="UTF-8"?>
<!-- Generated by org.testng.reporters.JUnitReportReporter -->
<testsuite hostname="DESKTOP-LP7PGH8" failures="0" tests="2" name="practiceautomation.shoppingApplication.Ecommerce_application_purchase_product_Test" time="21.250" errors="0" timestamp="2024-08-31T21:58:56 IST" skipped="0">
  <testcase classname="practiceautomation.shoppingApplication.Ecommerce_application_purchase_product_Test" name="purchaseProduct" time="9.325"/>
  <testcase classname="practiceautomation.shoppingApplication.Ecommerce_application_purchase_product_Test" name="verifyOrderHistory" time="11.925"/>
</testsuite> <!-- practiceautomation.shoppingApplication.Ecommerce_application_purchase_product_Test -->
