<?xml version="1.0" encoding="UTF-8"?>
<!-- Generated by org.testng.reporters.JUnitReportReporter -->
<testsuite hostname="DESKTOP-LP7PGH8" failures="0" tests="2" name="practiceautomation.shoppingApplication.Ecommerce_application_purchase_product" time="25.100" errors="0" timestamp="2024-08-31T15:23:15 IST" skipped="0">
  <testcase classname="practiceautomation.shoppingApplication.Ecommerce_application_purchase_product" name="verifyOrderHistory" time="16.427"/>
  <testcase classname="practiceautomation.shoppingApplication.Ecommerce_application_purchase_product" name="purchaseProduct" time="8.673"/>
</testsuite> <!-- practiceautomation.shoppingApplication.Ecommerce_application_purchase_product -->
